<?xml version="1.0" encoding="UTF-8"?>
<testsuite name="core.actors.GhostTest" tests="2" skipped="0" failures="0" errors="0" timestamp="2020-11-24T07:35:11" hostname="Anthonys-MacBook-Air.local" time="1.809">
  <properties/>
  <testcase name="getGhostMode()" classname="core.actors.GhostTest" time="0.894"/>
  <testcase name="testConstruction()" classname="core.actors.GhostTest" time="0.911"/>
  <system-out><![CDATA[]]></system-out>
  <system-err><![CDATA[]]></system-err>
</testsuite>
