<?xml version="1.0" encoding="UTF-8"?>
<testsuite name="core.tiles.FruitTest" tests="2" skipped="0" failures="0" errors="0" timestamp="2020-11-24T08:35:23" hostname="Anthonys-MacBook-Air.local" time="0.483">
  <properties/>
  <testcase name="testConstruction()" classname="core.tiles.FruitTest" time="0.229"/>
  <testcase name="isMovable()" classname="core.tiles.FruitTest" time="0.252"/>
  <system-out><![CDATA[]]></system-out>
  <system-err><![CDATA[]]></system-err>
</testsuite>
