<?xml version="1.0" encoding="UTF-8"?>
<testsuite name="core.tiles.FruitTest" tests="2" skipped="0" failures="0" errors="0" timestamp="2020-11-24T03:59:16" hostname="Anthonys-MacBook-Air.local" time="0.745">
  <properties/>
  <testcase name="testConstruction()" classname="core.tiles.FruitTest" time="0.354"/>
  <testcase name="isMovable()" classname="core.tiles.FruitTest" time="0.39"/>
  <system-out><![CDATA[]]></system-out>
  <system-err><![CDATA[]]></system-err>
</testsuite>
