<?xml version="1.0" encoding="UTF-8"?>
<testsuite name="core.DirectionTest" tests="4" skipped="0" failures="0" errors="0" timestamp="2020-11-23T14:24:29" hostname="Anthonys-MacBook-Air.local" time="0.015">
  <properties/>
  <testcase name="testUpX()" classname="core.DirectionTest" time="0.006"/>
  <testcase name="validMovements()" classname="core.DirectionTest" time="0.003"/>
  <testcase name="invalidMovements()" classname="core.DirectionTest" time="0.002"/>
  <testcase name="testRightY()" classname="core.DirectionTest" time="0.001"/>
  <system-out><![CDATA[]]></system-out>
  <system-err><![CDATA[]]></system-err>
</testsuite>
