<?xml version="1.0" encoding="UTF-8"?>
<testsuite name="core.GameTest" tests="2" skipped="0" failures="0" errors="0" timestamp="2020-11-24T01:47:01" hostname="Anthonys-MacBook-Air.local" time="4.172">
  <properties/>
  <testcase name="testConstruction()" classname="core.GameTest" time="2.697"/>
  <testcase name="getGhosts()" classname="core.GameTest" time="1.473"/>
  <system-out><![CDATA[]]></system-out>
  <system-err><![CDATA[]]></system-err>
</testsuite>
