<?xml version="1.0" encoding="UTF-8"?>
<testsuite name="core.actors.WakaTest" tests="3" skipped="0" failures="0" errors="0" timestamp="2020-11-24T09:17:13" hostname="Anthonys-MacBook-Air.local" time="5.11">
  <properties/>
  <testcase name="touchGhost()" classname="core.actors.WakaTest" time="2.333"/>
  <testcase name="testConstruction()" classname="core.actors.WakaTest" time="1.081"/>
  <testcase name="testDirections()" classname="core.actors.WakaTest" time="1.687"/>
  <system-out><![CDATA[]]></system-out>
  <system-err><![CDATA[]]></system-err>
</testsuite>
