<?xml version="1.0" encoding="UTF-8"?>
<testsuite name="core.actors.GhostTest" tests="2" skipped="0" failures="0" errors="0" timestamp="2020-11-24T05:59:54" hostname="Anthonys-MacBook-Air.local" time="1.865">
  <properties/>
  <testcase name="getGhostMode()" classname="core.actors.GhostTest" time="1.009"/>
  <testcase name="testConstruction()" classname="core.actors.GhostTest" time="0.855"/>
  <system-out><![CDATA[]]></system-out>
  <system-err><![CDATA[]]></system-err>
</testsuite>
