<?xml version="1.0" encoding="UTF-8"?>
<testsuite name="core.tiles.WallTest" tests="2" skipped="0" failures="0" errors="0" timestamp="2020-11-24T03:59:15" hostname="Anthonys-MacBook-Air.local" time="0.643">
  <properties/>
  <testcase name="testConstruction()" classname="core.tiles.WallTest" time="0.311"/>
  <testcase name="notMovable()" classname="core.tiles.WallTest" time="0.331"/>
  <system-out><![CDATA[]]></system-out>
  <system-err><![CDATA[]]></system-err>
</testsuite>
