<?xml version="1.0" encoding="UTF-8"?>
<testsuite name="core.DirectionTest" tests="4" skipped="0" failures="0" errors="0" timestamp="2020-11-24T08:35:27" hostname="Anthonys-MacBook-Air.local" time="0.029">
  <properties/>
  <testcase name="testUpX()" classname="core.DirectionTest" time="0.003"/>
  <testcase name="validMovements()" classname="core.DirectionTest" time="0.008"/>
  <testcase name="invalidMovements()" classname="core.DirectionTest" time="0.002"/>
  <testcase name="testRightY()" classname="core.DirectionTest" time="0.002"/>
  <system-out><![CDATA[]]></system-out>
  <system-err><![CDATA[]]></system-err>
</testsuite>
