<?xml version="1.0" encoding="UTF-8"?>
<testsuite name="core.actors.WakaTest" tests="3" skipped="0" failures="0" errors="0" timestamp="2020-11-24T08:35:16" hostname="Anthonys-MacBook-Air.local" time="4.57">
  <properties/>
  <testcase name="touchGhost()" classname="core.actors.WakaTest" time="2.731"/>
  <testcase name="testConstruction()" classname="core.actors.WakaTest" time="0.817"/>
  <testcase name="testDirections()" classname="core.actors.WakaTest" time="1.02"/>
  <system-out><![CDATA[]]></system-out>
  <system-err><![CDATA[]]></system-err>
</testsuite>
