<?xml version="1.0" encoding="UTF-8"?>
<testsuite name="core.tiles.FruitTest" tests="2" skipped="0" failures="0" errors="0" timestamp="2020-11-24T09:17:09" hostname="Anthonys-MacBook-Air.local" time="0.425">
  <properties/>
  <testcase name="testConstruction()" classname="core.tiles.FruitTest" time="0.208"/>
  <testcase name="isMovable()" classname="core.tiles.FruitTest" time="0.215"/>
  <system-out><![CDATA[]]></system-out>
  <system-err><![CDATA[]]></system-err>
</testsuite>
