<?xml version="1.0" encoding="UTF-8"?>
<testsuite name="core.tiles.WallTest" tests="2" skipped="0" failures="0" errors="0" timestamp="2020-11-24T08:35:23" hostname="Anthonys-MacBook-Air.local" time="0.44">
  <properties/>
  <testcase name="testConstruction()" classname="core.tiles.WallTest" time="0.201"/>
  <testcase name="notMovable()" classname="core.tiles.WallTest" time="0.238"/>
  <system-out><![CDATA[]]></system-out>
  <system-err><![CDATA[]]></system-err>
</testsuite>
